/*C12*/SET SCHEMA PUBLIC
SET SCHEMA "PUBLIC"
INSERT INTO EVENTS VALUES('13490aff-d0f2-430f-bec5-45a3e37ee366','Teste-garrido','testando com o garrido','testegarrido',3)
COMMIT
INSERT INTO ATTENDEES VALUES('34844518-a494-4897-aed6-9e20d61c891d','garrido','garrido@gmail.com','13490aff-d0f2-430f-bec5-45a3e37ee366','2024-04-05 19:48:35.527818')
COMMIT
DISCONNECT
/*C13*/SET SCHEMA PUBLIC
DISCONNECT
/*C14*/SET SCHEMA PUBLIC
DISCONNECT
/*C15*/SET SCHEMA PUBLIC
DISCONNECT
/*C16*/SET SCHEMA PUBLIC
DISCONNECT
/*C17*/SET SCHEMA PUBLIC
DISCONNECT
/*C18*/SET SCHEMA PUBLIC
DISCONNECT
/*C19*/SET SCHEMA PUBLIC
DISCONNECT
/*C20*/SET SCHEMA PUBLIC
DISCONNECT
/*C21*/SET SCHEMA PUBLIC
DISCONNECT
